# JRE version: OpenJDK Runtime Environment (8.0_152-b02) (build 1.8.0_152-release-1024-b02)
# Java VM: OpenJDK 64-Bit Server VM (25.152-b02 mixed mode windows-amd64 compressed oops)
Heap:
 PSYoungGen      total 492032K, used 220142K [0x00000000e0000000, 0x0000000100000000, 0x0000000100000000)
  eden space 461824K, 43% used [0x00000000e0000000,0x00000000ec515bd0,0x00000000fc300000)
  from space 30208K, 60% used [0x00000000fe280000,0x00000000ff465f48,0x0000000100000000)
  to   space 31232K, 0% used [0x00000000fc300000,0x00000000fc300000,0x00000000fe180000)
 ParOldGen       total 131072K, used 73363K [0x00000000a0000000, 0x00000000a8000000, 0x00000000e0000000)
  object space 131072K, 55% used [0x00000000a0000000,0x00000000a47a4c18,0x00000000a8000000)
 Metaspace       used 93228K, capacity 98064K, committed 98264K, reserved 1134592K
  class space    used 11783K, capacity 12729K, committed 12800K, reserved 1048576K
GC Heap History (10 events):
Event: 3102.028 GC heap before
{Heap before GC invocations=21 (full 3):
 PSYoungGen      total 464896K, used 464877K [0x00000000e0000000, 0x0000000100000000, 0x0000000100000000)
  eden space 442368K, 100% used [0x00000000e0000000,0x00000000fb000000,0x00000000fb000000)
  from space 22528K, 99% used [0x00000000fb000000,0x00000000fc5fb740,0x00000000fc600000)
  to   space 29696K, 0% used [0x00000000fe300000,0x00000000fe300000,0x0000000100000000)
 ParOldGen       total 131072K, used 62414K [0x00000000a0000000, 0x00000000a8000000, 0x00000000e0000000)
  object space 131072K, 47% used [0x00000000a0000000,0x00000000a3cf3940,0x00000000a8000000)
 Metaspace       used 89551K, capacity 93630K, committed 93784K, reserved 1130496K
  class space    used 11431K, capacity 12324K, committed 12416K, reserved 1048576K
Event: 3102.047 GC heap after
Heap after GC invocations=21 (full 3):
 PSYoungGen      total 496128K, used 11967K [0x00000000e0000000, 0x0000000100000000, 0x0000000100000000)
  eden space 466432K, 0% used [0x00000000e0000000,0x00000000e0000000,0x00000000fc780000)
  from space 29696K, 40% used [0x00000000fe300000,0x00000000feeaff70,0x0000000100000000)
  to   space 28160K, 0% used [0x00000000fc780000,0x00000000fc780000,0x00000000fe300000)
 ParOldGen       total 131072K, used 73347K [0x00000000a0000000, 0x00000000a8000000, 0x00000000e0000000)
  object space 131072K, 55% used [0x00000000a0000000,0x00000000a47a0c18,0x00000000a8000000)
 Metaspace       used 89551K, capacity 93630K, committed 93784K, reserved 1130496K
  class space    used 11431K, capacity 12324K, committed 12416K, reserved 1048576K
}
Event: 3103.052 GC heap before
{Heap before GC invocations=22 (full 3):
 PSYoungGen      total 496128K, used 478399K [0x00000000e0000000, 0x0000000100000000, 0x0000000100000000)
  eden space 466432K, 100% used [0x00000000e0000000,0x00000000fc780000,0x00000000fc780000)
  from space 29696K, 40% used [0x00000000fe300000,0x00000000feeaff70,0x0000000100000000)
  to   space 28160K, 0% used [0x00000000fc780000,0x00000000fc780000,0x00000000fe300000)
 ParOldGen       total 131072K, used 73347K [0x00000000a0000000, 0x00000000a8000000, 0x00000000e0000000)
  object space 131072K, 55% used [0x00000000a0000000,0x00000000a47a0c18,0x00000000a8000000)
 Metaspace       used 89936K, capacity 94012K, committed 94296K, reserved 1130496K
  class space    used 11432K, capacity 12325K, committed 12416K, reserved 1048576K
Event: 3103.074 GC heap after
Heap after GC invocations=22 (full 3):
 PSYoungGen      total 494592K, used 17819K [0x00000000e0000000, 0x00000000fff80000, 0x0000000100000000)
  eden space 466432K, 0% used [0x00000000e0000000,0x00000000e0000000,0x00000000fc780000)
  from space 28160K, 63% used [0x00000000fc780000,0x00000000fd8e6ed8,0x00000000fe300000)
  to   space 28672K, 0% used [0x00000000fe380000,0x00000000fe380000,0x00000000fff80000)
 ParOldGen       total 131072K, used 73347K [0x00000000a0000000, 0x00000000a8000000, 0x00000000e0000000)
  object space 131072K, 55% used [0x00000000a0000000,0x00000000a47a0c18,0x00000000a8000000)
 Metaspace       used 89936K, capacity 94012K, committed 94296K, reserved 1130496K
  class space    used 11432K, capacity 12325K, committed 12416K, reserved 1048576K
}
Event: 3103.776 GC heap before
{Heap before GC invocations=23 (full 3):
 PSYoungGen      total 494592K, used 484251K [0x00000000e0000000, 0x00000000fff80000, 0x0000000100000000)
  eden space 466432K, 100% used [0x00000000e0000000,0x00000000fc780000,0x00000000fc780000)
  from space 28160K, 63% used [0x00000000fc780000,0x00000000fd8e6ed8,0x00000000fe300000)
  to   space 28672K, 0% used [0x00000000fe380000,0x00000000fe380000,0x00000000fff80000)
 ParOldGen       total 131072K, used 73347K [0x00000000a0000000, 0x00000000a8000000, 0x00000000e0000000)
  object space 131072K, 55% used [0x00000000a0000000,0x00000000a47a0c18,0x00000000a8000000)
 Metaspace       used 90045K, capacity 94208K, committed 94552K, reserved 1132544K
  class space    used 11433K, capacity 12325K, committed 12416K, reserved 1048576K
Event: 3103.786 GC heap after
Heap after GC invocations=23 (full 3):
 PSYoungGen      total 495104K, used 9169K [0x00000000e0000000, 0x00000000ffe80000, 0x0000000100000000)
  eden space 467456K, 0% used [0x00000000e0000000,0x00000000e0000000,0x00000000fc880000)
  from space 27648K, 33% used [0x00000000fe380000,0x00000000fec745e0,0x00000000ffe80000)
  to   space 27648K, 0% used [0x00000000fc880000,0x00000000fc880000,0x00000000fe380000)
 ParOldGen       total 131072K, used 73347K [0x00000000a0000000, 0x00000000a8000000, 0x00000000e0000000)
  object space 131072K, 55% used [0x00000000a0000000,0x00000000a47a0c18,0x00000000a8000000)
 Metaspace       used 90045K, capacity 94208K, committed 94552K, reserved 1132544K
  class space    used 11433K, capacity 12325K, committed 12416K, reserved 1048576K
}
Event: 3106.434 GC heap before
{Heap before GC invocations=24 (full 3):
 PSYoungGen      total 495104K, used 476625K [0x00000000e0000000, 0x00000000ffe80000, 0x0000000100000000)
  eden space 467456K, 100% used [0x00000000e0000000,0x00000000fc880000,0x00000000fc880000)
  from space 27648K, 33% used [0x00000000fe380000,0x00000000fec745e0,0x00000000ffe80000)
  to   space 27648K, 0% used [0x00000000fc880000,0x00000000fc880000,0x00000000fe380000)
 ParOldGen       total 131072K, used 73347K [0x00000000a0000000, 0x00000000a8000000, 0x00000000e0000000)
  object space 131072K, 55% used [0x00000000a0000000,0x00000000a47a0c18,0x00000000a8000000)
 Metaspace       used 90791K, capacity 94986K, committed 95064K, reserved 1132544K
  class space    used 11495K, capacity 12388K, committed 12416K, reserved 1048576K
Event: 3106.458 GC heap after
Heap after GC invocations=24 (full 3):
 PSYoungGen      total 494080K, used 26555K [0x00000000e0000000, 0x0000000100000000, 0x0000000100000000)
  eden space 467456K, 0% used [0x00000000e0000000,0x00000000e0000000,0x00000000fc880000)
  from space 26624K, 99% used [0x00000000fc880000,0x00000000fe26ef80,0x00000000fe280000)
  to   space 30208K, 0% used [0x00000000fe280000,0x00000000fe280000,0x0000000100000000)
 ParOldGen       total 131072K, used 73355K [0x00000000a0000000, 0x00000000a8000000, 0x00000000e0000000)
  object space 131072K, 55% used [0x00000000a0000000,0x00000000a47a2c18,0x00000000a8000000)
 Metaspace       used 90791K, capacity 94986K, committed 95064K, reserved 1132544K
  class space    used 11495K, capacity 12388K, committed 12416K, reserved 1048576K
}
Event: 3606.262 GC heap before
{Heap before GC invocations=25 (full 3):
 PSYoungGen      total 494080K, used 494011K [0x00000000e0000000, 0x0000000100000000, 0x0000000100000000)
  eden space 467456K, 100% used [0x00000000e0000000,0x00000000fc880000,0x00000000fc880000)
  from space 26624K, 99% used [0x00000000fc880000,0x00000000fe26ef80,0x00000000fe280000)
  to   space 30208K, 0% used [0x00000000fe280000,0x00000000fe280000,0x0000000100000000)
 ParOldGen       total 131072K, used 73355K [0x00000000a0000000, 0x00000000a8000000, 0x00000000e0000000)
  object space 131072K, 55% used [0x00000000a0000000,0x00000000a47a2c18,0x00000000a8000000)
 Metaspace       used 92298K, capacity 96814K, committed 97112K, reserved 1134592K
  class space    used 11697K, capacity 12624K, committed 12672K, reserved 1048576K
Event: 3606.277 GC heap after
Heap after GC invocations=25 (full 3):
 PSYoungGen      total 492032K, used 18327K [0x00000000e0000000, 0x0000000100000000, 0x0000000100000000)
  eden space 461824K, 0% used [0x00000000e0000000,0x00000000e0000000,0x00000000fc300000)
  from space 30208K, 60% used [0x00000000fe280000,0x00000000ff465f48,0x0000000100000000)
  to   space 31232K, 0% used [0x00000000fc300000,0x00000000fc300000,0x00000000fe180000)
 ParOldGen       total 131072K, used 73363K [0x00000000a0000000, 0x00000000a8000000, 0x00000000e0000000)
  object space 131072K, 55% used [0x00000000a0000000,0x00000000a47a4c18,0x00000000a8000000)
 Metaspace       used 92298K, capacity 96814K, committed 97112K, reserved 1134592K
  class space    used 11697K, capacity 12624K, committed 12672K, reserved 1048576K
}

